the 13113
and 3188
for 2064
returns 2051
that 1634
are 1285
not 1234
with 1203
value 1025
from 1005
package 991
http 937
request 914
may 821
error 767
its 739
function 709
will 676
code 666
functions 660
nil 652
this 637
use 636
returned 603
type 600
when 541
string 530
non 523
call 514
file 496
any 494
can 486
body 484
name 464
should 450
used 446
there 440
method 435
called 433
client 433
must 424
server 423
set 417
all 406
handler 405
data 398
calls 387
each 385
response 367
new 364
given 360
values 345
node 338
header 337
after 337
represents 336
provided 335
time 334
but 333
read 332
they 328
key 325
interface 324
url 322
number 319
pre 308
close 301
were 299
has 298
one 295
path 293
return 291
which 284
only 282
implements 273
such 267
whether 263
requests 262
slice 261
other 259
visit 259
does 257
bytes 257
dynamically 253
see 250
connections 248
using 248
result 243
source 243
first 238
empty 238
field 236
then 232
connection 231
case 230
zero 224
always 220
address 220
token 219
write 218
line 216
them 214
context 209
redirect 208
form 208
same 206
points 206
have 205
transport 205
default 203
template 202
like 199
reports 199
into 197
example 192
writes 186
before 185
multiple 185
specified 184
format 184
sets 183
output 182
exported 182
entry 182
headers 181
files 180
certificate 176
func 176
reading 175
redirects 168
associated 168
particular 167
root 166
underlying 166
element 165
calling 165
network 164
reader 163
tests 163
map 161
support 161
get 160
int 158
below 158
callers 157
methods 157
programs 156
also 156
uses 155
been 155
writer 153
another 152
caller 152
shutdown 152
following 151
text 149
flag 148
size 146
without 146
instead 146
fields 145
goroutines 145
match 144
cookie 144
otherwise 143
children 141
anonymous 141
nodes 140
you 140
more 139
system 137
float 137
resp 136
post 136
defined 135
omitted 135
program 135
outside 135
single 133
level 133
sent 133
contains 133
host 133
unreachable 132
among 132
pattern 131
next 130
determined 130
belonging 129
buffer 129
declaring 129
named 128
protocol 128
perhaps 127
graph 127
image 127
list 127
encoding 127
test 127
mdash 126
clicking 126
analyzed 126
click 126
viewer 126
argument 125
err 122
directory 121
span 121
found 120
either 120
documentation 120
types 120
than 119
special 119
pointer 117
incoming 117
end 117
variable 117
encoded 117
index 116
rfc 116
valid 115
statement 115
reads 114
closed 114
point 113
written 113
run 113
responsewriter 112
message 112
present 111
input 111
goroutine 110
most 109
handle 109
struct 109
byte 108
typically 108
unicode 108
json 107
parses 107
equivalent 107
until 107
content 106
section 105
eof 105
object 104
command 104
bit 103
copy 103
rune 102
matches 102
query 102
how 100
space 100
panics 100
implementation 99
elements 99
these 99
comment 98
was 97
cookies 96
signal 96
head 96
order 96
bits 95
expression 95
listener 95
done 95
net 94
uint 93
tcp 92
information 92
over 91
len 91
containing 90
details 90
service 89
length 89
errors 89
clients 88
between 88
arguments 88
current 88
parameters 88
html 88
class 87
serve 86
false 86
necessary 85
safe 85
integer 84
srv 84
cases 83
prefix 83
range 82
even 82
https 81
true 81
ignored 81
control 80
handlers 80
process 80
kind 80
transaction 80
postform 80
newrequest 80
standard 80
open 79
templates 79
corresponding 79
images 79
already 78
position 76
keep 76
followed 76
memory 76
character 76
registered 75
scan 75
note 75
creates 75
unix 75
location 75
execution 75
access 74
servehttp 74
characters 74
directly 74
custom 73
last 73
doesn 73
implemented 73
dir 73
base 72
roundtripper 72
parseform 72
signals 72
defaultclient 72
behavior 72
panic 72
basic 72
two 71
channel 71
trailing 70
binary 70
since 70
color 70
issues 70
canonical 70
state 69
utf 69
provides 69
precision 69
create 69
slash 69
keys 69
while 69
separated 68
xml 68
mode 68
names 68
flags 68
offset 67
closes 67
representation 67
usage 67
hash 67
runtime 66
add 66
relative 66
returning 66
scanner 66
listenandserve 64
addr 64
tlsconfig 64
closing 64
parsemultipartform 64
defaultservemux 64
servemux 64
adds 64
servecontent 64
stream 63
both 63
created 63
block 63
tls 62
about 62
existing 61
parse 61
paths 61
matching 60
available 60
representing 60
complete 60
operating 60
registers 60
where 59
once 59
concurrent 59
sequence 59
invalid 59
conn 59
writing 59
parameter 59
cannot 59
database 58
because 58
reply 58
unmarshal 58
src 58
defines 57
formats 57
some 57
operations 57
contents 57
out 57
least 57
strings 56
stack 56
specific 56
checkredirect 56
roundtrip 56
replies 56
equal 55
patterns 55
except 55
during 55
many 55
different 55
being 55
foo 54
takes 54
through 54
complex 54
just 54
private 54
connect 53
array 53
accepts 53
wait 53
common 53
ipv 53
directories 53
literal 53
results 53
enable 53
start 52
back 52
unknown 52
creating 52
table 52
operation 52
instance 51
config 51
runs 51
user 51
signed 51
alpha 51
implementations 51
profile 51
simple 50
their 50
effect 50
original 50
make 50
records 50
including 50
generated 49
flush 49
alives 49
automatically 49
means 49
describes 49
running 49
within 48
leading 48
local 48
listenandservetls 48
filesystem 48
per 48
trailers 48
include 48
receiver 48
maximum 47
log 47
fmt 47
itself 47
inf 47
dial 47
usually 47
temporary 47
matched 46
version 46
scope 46
encode 46
driver 46
rounding 46
setting 46
symbol 46
longer 46
parsing 46
boolean 46
way 46
trace 46
handled 46
absolute 45
take 45
org 45
final 45
known 45
those 45
variables 45
pairs 45
rpc 45
regular 44
second 44
packages 44
allow 44
configured 44
codes 43
received 43
div 43
part 43
enabled 43
finished 43
built 43
status 43
modified 43
stop 43
subsequent 42
floating 42
newline 42
golang 42
parsed 42
follows 42
stored 42
duration 42
possible 42
limit 42
sign 41
rows 41
subtree 41
mach 41
appends 41
stops 41
count 41
change 41
accept 41
import 41
down 41
optional 41
exit 41
structure 40
objects 40
port 40
zone 40
pool 40
escaped 40
tag 40
handles 40
expected 40
servetls 40
around 40
passed 40
rdquo 39
converts 39
elf 39
decode 39
multipart 39
quoted 39
formatted 39
precedence 39
starts 39
ldquo 39
needed 39
mime 39
concatenation 38
gob 38
initial 38
register 38
execute 38
supports 38
encountered 38
dst 38
contain 37
syntax 37
build 37
wrapper 37
controls 37
marshal 37
stores 37
options 37
idle 37
unless 37
comments 37
print 37
parallel 37
cause 37
send 37
store 37
benchmark 37
unsigned 37
href 36
rooted 36
fails 36
interfaces 36
changed 36
parent 36
initialized 36
sensitive 36
buffered 36
domain 36
deprecated 36
executes 36
entire 36
own 36
occurs 36
addresses 36
signature 36
println 36
sorted 36
explicitly 35
seek 35
copied 35
internal 35
pkg 35
systems 35
here 35
uintptr 34
readcloser 34
com 34
authentication 34
causes 34
whose 34
additionally 34
receive 34
numbers 34
username 34
ast 34
implement 34
opaque 34
utc 34
invoke 33
pos 33
well 33
bool 33
timeout 33
applies 33
mechanism 33
represented 33
trailer 33
main 33
modify 33
lookup 33
pair 33
immediately 33
suitable 33
required 32
hijacker 32
maps 32
proxy 32
canceled 32
authority 32
large 32
www 32
letter 32
clock 32
arg 32
intermediates 32
starting 32
servefile 32
beginning 32
successive 32
nor 32
random 32
split 32
servers 32
cookiejar 32
errserverclosed 32
converted 32
maxbytesreader 32
responsewriters 32
specifies 32
accepted 32
certfile 32
decimal 32
scheme 31
regexp 31
constant 31
concurrently 31
password 31
times 31
intended 31
ignores 30
pipe 30
sep 30
would 30
top 30
lower 30
negative 30
allocated 30
plain 30
conversion 30
according 30
exact 30
tokens 30
resulting 30
compressed 30
buf 29
collection 29
includes 29
public 29
fixed 29
serves 29
syscall 29
executed 29
thread 29
testing 29
sub 29
lines 29
description 29
none 29
holds 29
similar 29
slices 29
long 29
configuration 29
reset 28
moved 28
possibly 28
corresponds 28
exists 28
heap 28
builtin 28
future 28
previous 28
begin 28
attribute 28
letters 28
blank 28
indicates 28
decoder 28
tree 28
listens 28
unchanged 28
supported 28
prepared 28
avoid 28
currently 28
affect 28
upper 27
removed 27
acts 27
fail 27
rules 27
nan 27
less 27
destination 27
having 27
garbage 27
obj 27
bodies 27
too 27
further 27
appropriate 27
still 26
application 26
declaration 26
put 26
exponent 26
printable 26
considered 26
passing 26
timer 26
reference 26
connected 26
windows 26
via 26
policy 26
closer 26
dot 25
defaults 25
treated 25
blocks 25
never 25
permanently 25
responsibility 25
library 25
notify 25
permanent 25
column 25
reused 25
depending 25
transports 25
side 25
spaces 25
environment 25
period 25
responses 25
reflect 25
separator 25
ending 25
extension 25
entries 25
full 25
integers 24
uri 24
newreader 24
scanning 24
proxies 24
deadline 24
formfile 24
postformvalue 24
cpu 24
math 24
withcontext 24
formvalue 24
hijacked 24
included 24
cancelrequest 24
monotonic 24
pass 24
textual 24
component 24
correct 24
however 24
handlefunc 24
described 24
ctx 24
registerprotocol 24
encoder 24
fileserver 24
shared 24
cancel 24
compression 24
ability 24
transferencoding 24
descriptor 24
urlencoded 24
urls 24
flusher 24
writeproxy 24
authorization 24
invokes 24
useful 24
args 24
need 24
separate 24
neither 24
sends 23
remaining 23
printed 23
codec 23
recent 23
general 23
raw 23
share 23
logger 23
prints 23
fully 23
rounded 23
find 23
debugging 23
appear 23
active 23
udp 23
above 23
title 23
check 23
forward 23
resources 23
mask 23
record 23
model 23
scans 22
lock 22
socket 22
internally 22
traceback 22
settings 22
remove 22
pprof 22
added 22
pow 22
adding 22
alive 22
blocking 22
mapping 22
printing 22
rsa 22
thus 22
serveconn 22
off 22
wraps 22
permitted 22
convert 22
ensure 22
ends 22
group 22
allowed 21
arbitrary 21
messages 21
setdeadline 21
ascii 21
slashes 21
processing 21
properties 21
wire 21
higher 21
demonstrates 21
mark 21
portion 21
makes 21
against 21
update 21
certificates 21
functionality 21
row 21
substrings 21
compatibility 21
populated 21
writeto 21
var 21
dynamic 21
finalizer 21
select 21
interpreted 21
operands 21
copies 21
undefined 21
represent 21
inside 21
counter 20
queries 20
attempt 20
waits 20
work 20
init 20
parts 20
truth 20
constants 20
provide 20
rand 20
readfrom 20
executions 20
date 20
simultaneously 20
desired 20
columns 20
getcertificate 20
white 20
semantics 20
generate 20
etc 20
inspect 20
failed 20
resolver 20
exec 20
compare 19
dns 19
minimum 19
word 19
label 19
assumed 19
low 19
begins 19
null 19
filename 19
remainder 19
regardless 19
newwriter 19
page 19
action 19
native 19
looks 19
determine 19
readat 19
epoch 19
premultiplied 19
link 19
parsefiles 19
decodes 19
generally 19
allocates 19
numeric 19
separately 18
now 18
segment 18
deeply 18
nanoseconds 18
problem 18
definitions 18
global 18
actual 18
processed 18
security 18
formatting 18
invoked 18
ready 18
removes 18
profiling 18
could 18
chan 18
come 18
escape 18
remote 18
load 18
unlike 18
convention 18
sql 18
trivial 18
necessarily 18
features 18
overridden 17
later 17
guaranteed 17
javascript 17
skip 17
don 17
ring 17
gzip 17
graceful 17
comparison 17
seconds 17
wrappers 17
explains 17
protocolerror 17
started 17
outgoing 17
hexadecimal 17
concrete 17
printf 17
needs 17
stripped 17
duplex 17
auth 17
benchmarks 17
declared 17
unsafe 17
limitreader 17
modtime 17
care 17
sentinel 17
sending 17
handling 17
definition 17
structures 17
allows 17
executable 17
visible 17
option 17
rest 16
erraborthandler 16
alternative 16
closeidleconnections 16
errhandlertimeout 16
websockets 16
failure 16
disable 16
allocation 16
speak 16
width 16
maxidleconnsperhost 16
responds 16
statusseeother 16
nextprotos 16
items 16
digit 16
statusmovedpermanently 16
pseudo 16
statusfound 16
errnocookie 16
errnolocation 16
symbols 16
might 16
configuretransport 16
filepath 16
getbody 16
extended 16
registeronshutdown 16
errskipaltprotocol 16
listeners 16
connstate 16
defaulttransport 16
newfiletransport 16
streamed 16
tlsnextproto 16
gracefully 16
minor 16
holding 16
manually 16
changes 16
configurations 16
malformed 16
comma 16
readrequest 16
cipher 16
registration 16
cbcr 16
req 16
protoatleast 16
major 16
property 16
addcookie 16
properly 16
mail 16
timeouthandler 16
timeformat 16
larger 16
big 16
godebug 16
stripprefix 16
consults 16
prior 16
priority 16
caused 16
contentlength 16
exactly 16
else 16
thumbnails 16
examples 16
rather 16
parsetime 16
dwarf 16
convenience 16
zip 16
based 16
safely 16
decoding 16
closely 16
operator 16
handlerfunc 16
chunked 16
although 15
readrune 15
pixels 15
placeholder 15
indicating 15
decoded 15
lowercase 15
readseeker 15
happens 15
oob 15
year 15
pixel 15
replaces 15
across 15
made 15
escaping 15
therefore 15
unused 15
mod 15
cgo 15
reported 15
transmitted 15
sum 15
embedded 15
connects 15
terminated 15
capacity 15
parseglob 15
commit 15
mapped 15
search 15
delta 15
under 15
giving 15
prepare 15
ieee 15
marks 15
leftmost 15
stmt 15
endian 15
panicking 15
interprets 15
invocation 15
very 14
groups 14
waiting 14
completion 14
sequences 14
fileinfo 14
normal 14
bounds 14
rectangle 14
crypto 14
linux 14
tries 14
tar 14
failnow 14
digits 14
target 14
generating 14
val 14
quote 14
dictionary 14
insert 14
committed 14
rolled 14
skipped 14
inverse 14
tis 14
debug 14
suffix 14
textarea 14
round 14
total 14
networks 14
real 14
writeheader 14
pointers 14
magic 14
tracing 14
related 14
locked 14
isn 14
replaced 14
accuracy 14
copying 14
exist 14
every 14
parser 14
drivers 14
executing 14
walk 14
msg 14
png 14
identity 14
deletes 13
describing 13
beyond 13
helper 13
ones 13
able 13
shuts 13
logging 13
session 13
replacement 13
making 13
insensitive 13
assignable 13
previously 13
splits 13
semicolon 13
repeated 13
punctuation 13
cmyk 13
gets 13
relocation 13
accessing 13
unavailable 13
ansic 13
pipeline 13
explicit 13
encodes 13
away 13
high 13
three 13
payload 13
colors 13
ranges 13
mutex 13
optionally 13
success 13
silently 13
amp 13
rate 13
encounters 13
aes 13
contained 13
completed 13
buffers 13
initialization 13
discarded 13
memstats 13
simply 13
expects 13
exp 13
verifies 13
archive 13
themselves 13
triple 13
checks 13
attempting 13
nul 13
often 13
timed 13
compiler 12
left 12
pointed 12
servecodec 12
interrupt 12
fileheader 12
cancelation 12
item 12
greater 12
whole 12
correctly 12
shares 12
readbyte 12
discards 12
operand 12
clone 12
difference 12
attributes 12
background 12
plan 12
canonicalmimeheaderkey 12
hello 12
disk 12
addition 12
hyperbolic 12
typ 12
mentioned 12
updates 12
due 12
distinct 12
elapsed 12
receives 12
skipnow 12
occurred 12
becomes 12
infinity 12
finishes 12
smtp 12
min 12
entirely 12
push 12
division 12
setreaddeadline 12
prepares 12
guarantee 12
begintx 12
filter 12
untrusted 12
tags 12
force 12
quotient 12
subslices 12
mantissa 12
determines 12
satisfy 12
completes 12
subimage 12
rgba 12
identical 12
language 12
performed 12
manages 12
words 12
sure 12
unspecified 12
strconv 12
serving 12
efficiency 12
isolation 12
newlines 12
delimiter 12
require 11
shutting 11
synchronous 11
consists 11
chosen 11
invocations 11
lived 11
unit 11
release 11
deferred 11
imported 11
usual 11
day 11
define 11
fraction 11
typical 11
dropped 11
successfully 11
resets 11
distinguish 11
successful 11
statistics 11
expires 11
padding 11
palette 11
apply 11
compares 11
storage 11
encryption 11
nrgba 11
indent 11
trusted 11
what 11
delim 11
works 11
working 11
swap 11
setwritedeadline 11
verbatim 11
treats 11
report 11
channels 11
verify 11
modulus 11
info 11
graphic 11
runes 11
append 11
early 11
removing 11
contexts 11
layout 11
api 11
preceded 11
depends 11
replace 11
produce 11
uncompressed 11
profiles 11
idempotent 11
gif 11
meaning 11
amount 11
small 11
declarations 11
canonicalize 10
authenticate 10
inserts 10
fips 10
unreadrune 10
unreadbyte 10
unread 10
opens 10
unmarshaltext 10
pkcs 10
operates 10
installed 10
pixoffset 10
again 10
reversed 10
bar 10
threads 10
reverse 10
maintains 10
duplicate 10
short 10
condition 10
decompressor 10
ordinary 10
pix 10
hard 10
rollback 10
permits 10
shut 10
clean 10
timing 10
terminates 10
localhost 10
had 10
ignore 10
usable 10
literals 10
blocked 10
pem 10
primitive 10
listen 10
populates 10
allocations 10
rotateleft 10
purposes 10
newclient 10
sufficient 10
arith 10
consisting 10
child 10
additional 10
packetconn 10
grow 10
nullstring 10
marshaltext 10
applying 10
del 10
limiting 10
applied 10
protocols 10
buffering 10
trying 10
truncate 10
actually 10
compile 10
various 10
recover 10
initializes 10
construct 10
leave 10
expand 10
checker 10
csv 10
predefined 10
resolves 10
treat 10
chars 10
gray 10
tools 10
cycle 10
appended 10
canset 10
month 10
appears 10
hyphen 10
maxidleconns 10
latter 10
qualifier 10
separators 10
notification 10
identifiers 10
sort 10
stderr 10
alternatively 10
identified 10
jpeg 10
contrast 10
satisfying 10
noted 10
naming 10
gmt 10
aborts 10
know 10
analogous 10
category 10
tab 10
listed 10
curve 9
fewer 9
ways 9
nothing 9
maxmemory 9
wall 9
puts 9
identifier 9
waitgroup 9
visits 9
serialization 9
restricted 9
max 9
attach 9
compilation 9
encrypted 9
why 9
marshaled 9
compared 9
arrays 9
ascend 9
preferred 9
mant 9
associates 9
compute 9
intentionally 9
computes 9
alias 9
algorithms 9
algorithm 9
assume 9
obtaining 9
occurrence 9
collector 9
finding 9
attacks 9
instant 9
decide 9
textproto 9
replacing 9
help 9
plugin 9
right 9
unpredictable 9
band 9
prevents 9
remoteaddr 9
shallow 9
shows 9
benefit 9
lockosthread 9
script 9
isprint 9
localaddr 9
reach 9
lists 9
docs 9
primitives 9
unclosed 9
registering 9
transfer 9
writeat 9
fprint 9
importer 9
boundaries 9
signatures 9
boundary 9
isvalid 9
linked 9
writerto 9
free 9
referring 9
sigpipe 9
dispatches 9
nested 9
limits 9
simulate 9
disables 9
caches 9
scanned 9
checking 9
constructed 9
initialize 9
direction 9
cancelable 9
xff 9
modifications 9
cancels 9
iteration 9
substring 9
nearest 9
generic 9
canonicalization 9
differ 9
demand 9
readers 9
skips 9
transparent 9
largest 9
software 9
certain 9
cautious 9
detecting 9
accepting 9
controlled 9
satisfied 9
sanitizing 9
sanitized 9
readresponse 9
gobencoder 9
detail 9
smaller 9
increasing 9
multi 9
laddr 9
exception 9
abort 9
submatch 9
slightly 9
operators 9
commands 9
flagset 8
constraints 8
multiplexer 8
exclude 8
execcontext 8
multipartreader 8
rwmutex 8
undergone 8
nacl 8
pusher 8
disconnected 8
satisfies 8
hasn 8
identifying 8
multicast 8
overlapping 8
much 8
consumed 8
redirecthandler 8
redirecting 8
events 8
event 8
namedarg 8
january 8
targets 8
identically 8
patch 8
pushoptions 8
constrained 8
ftp 8
fset 8
accidentally 8
your 8
money 8
ident 8
disablekeepalives 8
tangent 8
euclidean 8
happen 8
etag 8
cryptographic 8
routine 8
handshake 8
subslice 8
rect 8
actions 8
adapter 8
deduce 8
frexp 8
tmp 8
writestring 8
sigprof 8
erruselastresponse 8
defaultmaxheaderbytes 8
connectivity 8
defaultmaxidleconnsperho 8
performance 8
compiled 8
logarithm 8
suppresses 8
referer 8
schemes 8
expose 8
outbound 8
half 8
ico 8
logf 8
recorded 8
logs 8
frames 8
interrupting 8
risk 8
taken 8
terms 8
defaultserver 8
identify 8
newer 8
startprocess 8
extensions 8
permission 8
statustext 8
trailerprefix 8
continue 8
rgb 8
precaution 8
packet 8
newreaderdict 8
agent 8
newservemux 8
generates 8
preserves 8
indexed 8
forwarding 8
configuring 8
txoptions 8
errmissingfile 8
wishes 8
errlinetoolong 8
invoking 8
intermediaries 8
cleaner 8
nobody 8
behaves 8
falls 8
proxyurl 8
indefinitely 8
basicauth 8
consulting 8
hold 8
textmarshaler 8
httptest 8
former 8
formed 8
persistent 8
along 8
nopos 8
selects 8
alpn 8
reject 8
favicon 8
partial 8
interleaved 8
readbytes 8
configureserver 8
statuscode 8
sitting 8
capped 8
notes 8
unmodified 8
double 8
environments 8
week 8
twice 8
notfound 8
notfoundhandler 8
bufio 8
buildmode 8
subdomain 8
maxopenconns 8
resource 8
enough 8
readerat 8
wasting 8
limited 8
providing 8
sorts 8
structs 8
htpasswd 8
inbound 8
maxheaderbytes 8
resolved 8
npn 8
textunmarshaler 8
untyped 8
filenames 8
implementing 8
closenotifier 8
variadic 8
hook 8
attr 8
served 8
readline 8
parsehttpversion 8
hooks 8
depend 8
errbodyreadafterclose 8
readstring 8
detectcontenttype 8
replacements 8
canonicalheaderkey 8
imports 8
shorter 8
old 8
git 8
protomajor 8
valuer 8
stateactive 8
gone 8
protominor 8
follow 8
gomaxprocs 8
setbasicauth 8
updatemoney 8
bytereader 8
several 8
atomic 8
gives 8
representable 8
setcookie 8
preparation 8
goexit 8
syslog 8
describe 8
streams 8
elem 8
users 8
subtrees 8
odd 8
useragent 8
earlier 8
upgrade 8
occur 8
replying 8
statenew 8
cached 8
assuming 8
setkeepalivesenabled 8
stateidle 8
flight 8
hosts 8
repl 8
maliciously 8
managed 8
gobdecoder 8
positive 8
obtain 7
manage 7
assignment 7
marshaler 7
manipulate 7
assigned 7
place 7
setint 7
compress 7
smallest 7
manner 7
upon 7
finite 7
mantexp 7
glob 7
oaep 7
flushed 7
compressor 7
flushes 7
ascending 7
parsefloat 7
dependent 7
arm 7
representations 7
counters 7
arithmetic 7
valued 7
gophers 7
slicing 7
dump 7
dsa 7
ldexp 7
encapsulated 7
cosine 7
architecture 7
coff 7
ids 7
fileset 7
soon 7
encrypts 7
predeclared 7
resolve 7
collected 7
parenthesized 7
instruction 7
inclusive 7
instances 7
turn 7
respective 7
crash 7
incomplete 7
symbolic 7
subexpressions 7
unmarshaljson 7
incorrect 7
transmit 7
imag 7
labels 7
normally 7
deflate 7
retain 7
memprofile 7
fast 7
deadlines 7
ordered 7
indentation 7
indented 7
produces 7
convenient 7
recently 7
errnan 7
presents 7
subtests 7
affected 7
look 7
readdir 7
continues 7
newfile 7
ciphertext 7
unique 7
rcpt 7
prec 7
performs 7
adjusted 7
traces 7
expressions 7
errorlist 7
unlock 7
signs 7
writecloser 7
specification 7
addressable 7
kept 7
outer 7
errtoolarge 7
keepalive 7
indices 7
prime 7
stable 7
refer 7
routines 7
yet 7
privatekey 7
infinite 7
unicast 7
unexported 7
rule 7
substr 7
rat 7
splitafter 7
join 7
loaded 7
runereader 7
constraint 7
square 7
jan 7
funcs 7
executetemplate 7
consulted 7
abbreviation 7
sine 7
tool 7
discard 6
red 6
binaryunmarshaler 6
recursively 6
binarymarshaler 6
overwrite 6
recursive 6
comparing 6
fscan 6
frozen 6
stdout 6
attempts 6
stdin 6
referred 6
bessel 6
cross 6
fractional 6
frac 6
recommended 6
divcall 6
blue 6
longest 6
cutset 6
looking 6
complexity 6
bpf 6
testmain 6
recognized 6
typeof 6
typed 6
document 6
documented 6
units 6
loop 6
basepath 6
unmarshaler 6
darwin 6
imaginary 6
opendb 6
sliceheader 6
splitn 6
storing 6
luma 6
draw 6
libraries 6
strategy 6
machine 6
releases 6
attacker 6
shorthand 6
querycontext 6
mainly 6
dest 6
updated 6
coverage 6
folding 6
codecs 6
fnv 6
static 6
offsets 6
asynchronous 6
renegotiation 6
obtained 6
preference 6
cmd 6
assumes 6
derived 6
gobdecode 6
flate 6
gobencode 6
important 6
fit 6
utility 6
leaf 6
depth 6
validate 6
gofmt 6
cancelfunc 6
eliminate 6
email 6
embedding 6
good 6
importing 6
isgraphic 6
syscallconn 6
enables 6
sockets 6
syntactically 6
marshaljson 6
isinf 6
synchronization 6
encodetoken 6
resetter 6
readings 6
lay 6
preparecontext 6
sometimes 6
variant 6
stringheader 6
parseint 6
pipelines 6
style 6
sequential 6
fieldsfunc 6
meant 6
ticker 6
alternate 6
carriage 6
readdirnames 6
green 6
unmarshaling 6
startup 6
install 6
media 6
ping 6
casing 6
errconndone 6
fatalf 6
fatal 6
retained 6
whitespace 6
allocating 6
independent 6
reachable 6
advancing 6
kill 6
advance 6
errorf 6
sec 6
newdecoder 6
missing 6
ext 6
writebyte 6
rawurl 6
searches 6
scopes 6
export 6
rotate 6
netdns 6
stand 6
addfile 6
errunexpectedeof 6
escapedpath 6
handlehttp 6
deepequal 6
explaining 6
decrypts 6
passes 6
expired 6
ycbcr 6
chain 6
pausens 6
probablyprime 6
exits 6
pause 6
zeros 6
hardware 6
evaluates 6
checked 6
scanf 6
exited 6
abs 6
consume 6
chroma 6
readerfrom 6
tables 6
ratio 5
splitaftern 5
changing 5
happened 5
todo 5
sscanf 5
chained 5
pauses 5
decryption 5
defaultcompression 5
choice 5
decodeconfig 5
hand 5
pending 5
declare 5
chooses 5
isspace 5
rawconn 5
hex 5
startcpuprofile 5
startelement 5
guidelines 5
keyword 5
classes 5
permalink 5
guarantees 5
traffic 5
reaches 5
kinds 5
starttls 5
isnil 5
clears 5
growing 5
trailingzeros 5
readall 5
delay 5
delimited 5
capture 5
demonstrate 5
denominator 5
parseinlocation 5
cap 5
layouts 5
leadingzeros 5
goos 5
gobs 5
parseerror 5
parseduration 5
legal 5
hour 5
cmplx 5
trims 5
states 5
descriptions 5
plus 5
quo 5
descriptors 5
readslice 5
readtrace 5
levels 5
lexical 5
reason 5
receivers 5
broken 5
breaks 5
sizes 5
colon 5
lineentry 5
generator 5
links 5
dimensions 5
blockprofile 5
listening 5
population 5
listenmulticastudp 5
tempdir 5
listenpacket 5
gccpufraction 5
listing 5
tell 5
bitsize 5
gamma 5
bitlen 5
positions 5
ints 5
little 5
posix 5
live 5
funcmap 5
targpath 5
loading 5
cryptographically 5
undoes 5
better 5
locks 5
displayed 5
referenced 5
logical 5
frame 5
taking 5
fragment 5
interpretation 5
signer 5
divide 5
registername 5
components 5
universal 5
lookuphost 5
unmarshalbinary 5
specifier 5
tabwriter 5
crashes 5
formatint 5
unquote 5
average 5
unrecognized 5
lzw 5
onescount 5
cpuprofile 5
covered 5
showing 5
shell 5
tabs 5
flushing 5
setup 5
implicitly 5
prefer 5
setstring 5
efficient 5
setfloat 5
userinfo 5
reporting 5
finds 5
numerator 5
computed 5
requested 5
services 5
finally 5
finalizers 5
encapsulates 5
marshalbinary 5
requires 5
impossible 5
encodeelement 5
encodings 5
vector 5
sync 5
visitor 5
series 5
conditions 5
correspond 5
walks 5
symbolizer 5
maxint 5
sequentially 5
entities 5
respect 5
web 5
fffd 5
equality 5
amd 5
conversions 5
errbadpattern 5
subject 5
conventionally 5
prof 5
self 5
selection 5
presentation 5
retrieves 5
selected 5
allocate 5
alignment 5
seeker 5
reuse 5
withdeadline 5
switch 5
newwriterlevel 5
facilities 5
inserted 5
preset 5
world 5
continued 5
indicate 5
indicated 5
wrapped 5
writerune 5
rotated 5
consecutive 5
nesting 5
indirect 5
escapes 5
act 5
accumulated 5
individual 5
consistent 5
yield 5
inner 5
const 5
priv 5
natural 5
printdefaults 5
moves 5
succeed 5
acceptable 5
consumes 5
abstract 5
mst 5
zlib 5
inherit 5
save 5
sample 5
excluding 5
newtimer 5
runparallel 5
readresponsebody 4
mutexprofile 4
multistream 4
myname 4
printer 4
execerror 4
containsrune 4
exceeds 4
runlock 4
zipf 4
runescanner 4
substituted 4
scaled 4
yuv 4
summarizing 4
problematic 4
inputs 4
problems 4
accessed 4
nanosecond 4
accessible 4
mon 4
prevent 4
processes 4
yields 4
indexes 4
preserved 4
procinst 4
account 4
scanln 4
presented 4
produced 4
conventional 4
near 4
accurate 4
installs 4
prog 4
establishing 4
modification 4
symlink 4
instants 4
establishes 4
presence 4
scantype 4
strip 4
adddate 4
addend 4
errtxdone 4
netlink 4
concise 4
synchronously 4
roll 4
newcipher 4
strictly 4
rlock 4
searching 4
mips 4
newencoder 4
minute 4
minus 4
errorcode 4
importdir 4
advanced 4
implied 4
implicit 4
cover 4
cpus 4
createheader 4
createpart 4
creation 4
advances 4
pss 4
external 4
extra 4
sectionheader 4
afterfunc 4
publickey 4
reversebytes 4
newticker 4
interpreting 4
stopped 4
reusing 4
publishes 4
aid 4
seed 4
pure 4
seeking 4
nextresultset 4
intervening 4
purpose 4
stmtcontext 4
css 4
seekpc 4
identifies 4
steps 4
sees 4
retrieve 4
positionfor 4
family 4
cursor 4
communication 4
memprofilerate 4
portable 4
selector 4
member 4
quadruple 4
alt 4
normalized 4
notation 4
invariants 4
sense 4
terminating 4
equals 4
whatever 4
enumeration 4
cycles 4
entropy 4
entity 4
analyzing 4
polar 4
resolving 4
pointing 4
resolvereference 4
htmlescaper 4
endelement 4
verbs 4
htmlescape 4
queryrow 4
cname 4
verb 4
matchrunepos 4
databases 4
applicable 4
applications 4
nullable 4
cmp 4
statements 4
placed 4
hostname 4
threadcreateprofile 4
closewrite 4
horizontal 4
nullbool 4
nullfloat 4
closest 4
encrypting 4
nullint 4
encrypt 4
quotes 4
serverequest 4
res 4
filtered 4
pingcontext 4
archives 4
requirements 4
valueof 4
hmac 4
elliptic 4
historical 4
numfields 4
mappings 4
numgc 4
quux 4
nummethods 4
nycbcra 4
fine 4
finish 4
setfinalizer 4
setmaxidleconns 4
setreadbuffer 4
circular 4
uppercase 4
hangs 4
hola 4
asynchronously 4
atan 4
setwritebuffer 4
shift 4
shortened 4
maintain 4
declares 4
driven 4
rare 4
show 4
magnitude 4
pcs 4
height 4
tmpl 4
relocations 4
rarely 4
shuffle 4
decodestring 4
unreads 4
formaterror 4
formatfloat 4
formatter 4
sscan 4
lossy 4
tolower 4
tonearesteven 4
formatuint 4
balance 4
bases 4
hasprefix 4
hashing 4
formfeed 4
dotreader 4
unixpacket 4
unixgram 4
joined 4
decrypt 4
decrypter 4
ordering 4
become 4
forms 4
totitle 4
doing 4
others 4
specify 4
rawbytes 4
lookupcname 4
toupper 4
belong 4
keeping 4
our 4
kernel 4
divmod 4
towards 4
signbit 4
signing 4
disposition 4
specifically 4
freed 4
uniform 4
spec 4
reduced 4
front 4
fscanf 4
defining 4
bin 4
categories 4
understand 4
overflow 4
translate 4
loadlocation 4
deliberately 4
bind 4
simpler 4
transmission 4
recv 4
simplicity 4
delivered 4
recursion 4
overwriting 4
grayscale 4
opening 4
sin 4
recording 4
directive 4
parsemediatype 4
uintsize 4
generatekey 4
bound 4
linetable 4
typename 4
denoted 4
readmsgip 4
recognize 4
readrequestbody 4
goroutineprofile 4
goroot 4
skipdir 4
lead 4
traverses 4
skipf 4
dialhttp 4
browsers 4
turns 4
dialer 4
parsefile 4
reasons 4
builder 4
truncated 4
trees 4
bysize 4
led 4
triggered 4
lexicographical 4
deterministic 4
readwriter 4
trimprefix 4
bytescanner 4
des 4
trimsuffix 4
subtest 4
marshaling 4
lengths 3
parsebool 3
give 3
byteorder 3
gnu 3
goarch 3
dev 3
trimmed 3
leaves 3
params 3
bypass 3
device 3
bundle 3
callersframes 3
reasonable 3
learn 3
paragraph 3
tuple 3
derive 3
bug 3
limitations 3
receipt 3
canaddr 3
bss 3
bsd 3
snapshot 3
godoc 3
gogc 3
gopath 3
broadcast 3
canceling 3
sized 3
did 3
linereader 3
denotes 3
readfull 3
capability 3
linetopc 3
differs 3
digest 3
linker 3
recognizes 3
sorting 3
transmitter 3
udpaddr 3
udpconn 3
boolvar 3
parseip 3
unblocked 3
unbounded 3
sinh 3
delivers 3
lastindexany 3
blockmode 3
parsequery 3
disabled 3
blinding 3
ownership 3
lastgc 3
overwritten 3
transmits 3
captures 3
gather 3
careful 3
bitmime 3
overriding 3
sources 3
translated 3
overrides 3
redefined 3
simplefold 3
carry 3
similarly 3
discouraged 3
overlap 3
sigtrap 3
discussion 3
parseuint 3
caserange 3
overall 3
sigstkflt 3
loc 3
readatleast 3
sigsetxid 3
sparse 3
unescaped 3
unexpected 3
fscanln 3
partially 3
definedtemplates 3
bestspeed 3
locker 3
locking 3
bestcompression 3
speaking 3
guaranteeing 3
frees 3
references 3
specialized 3
cells 3
central 3
uninitialized 3
union 3
reflection 3
signeropts 3
keypair 3
bench 3
toward 3
dnserror 3
rawpath 3
doc 3
sigint 3
rawmessage 3
sigill 3
lookupaddr 3
decryptpkcs 3
chaining 3
jsstr 3
universe 3
oriented 3
jsescapestring 3
unixaddr 3
lookupip 3
jsescaper 3
jsescape 3
sighup 3
splitfunc 3
job 3
lookups 3
unlocked 3
unlockosthread 3
chanof 3
hashed 3
chardata 3
sigchld 3
unlocks 3
charset 3
itoa 3
iterations 3
rel 3
tok 3
sigcancel 3
backwards 3
unmarshalxml 3
dotwriter 3
decodevalue 3
black 3
opened 3
pauseend 3
openbsd 3
checksum 3
formatbool 3
sig 3
sscanln 3
drawer 3
unresolved 3
unsafeaddr 3
released 3
releasing 3
author 3
unsupportedtypeerror 3
reliably 3
unusable 3
unwritten 3
pausetotalns 3
pctoline 3
remain 3
peek 3
istrue 3
omitempty 3
choose 3
percentage 3
standards 3
sha 3
removeall 3
atoi 3
perform 3
ateof 3
offending 3
hence 3
setuint 3
makefunc 3
decision 3
settraceback 3
easier 3
floor 3
rendering 3
debuggc 3
radians 3
floats 3
ecdsa 3
radian 3
setpaniconfault 3
setoutput 3
setmode 3
setmaxthreads 3
association 3
urlqueryescaper 3
setmaxstack 3
perl 3
setmapindex 3
manipulating 3
manipulation 3
einval 3
assertion 3
perm 3
setescapehtml 3
raddr 3
cleaned 3
findsubmatchindex 3
asinh 3
startresponse 3
permissions 3
permit 3
elided 3
findstringsubmatch 3
isnumber 3
arrange 3
numforcedgc 3
ticks 3
setcpuprofilerate 3
setcgotraceback 3
setbytes 3
marker 3
markers 3
ticket 3
embed 3
starttrace 3
enablegc 3
pid 3
dddde 3
filtering 3
quotetoascii 3
marshalindent 3
tick 3
pipelined 3
isletter 3
clientsessioncache 3
quoterunetoascii 3
closewitherror 3
quoterune 3
variants 3
approximately 3
plaintext 3
variations 3
quorem 3
third 3
matchreader 3
vars 3
things 3
resolution 3
isabs 3
mathematical 3
filelistener 3
ipconn 3
appending 3
versions 3
november 3
vet 3
ipaddr 3
apis 3
fileinfoheader 3
anything 3
serialized 3
htmlescapestring 3
daemon 3
enter 3
huffmanonly 3
cyclic 3
maxuint 3
combination 3
separating 3
qualified 3
mean 3
commandline 3
meaningful 3
iana 3
whence 3
term 3
feedback 3
measured 3
whenever 3
pop 3
federal 3
altering 3
errclosedpipe 3
faults 3
commentmap 3
commits 3
commontype 3
fatfile 3
customize 3
resume 3
faster 3
portably 3
alone 3
allowing 3
technique 3
allocbytes 3
allocator 3
stdoutpipe 3
nocompression 3
step 3
comparable 3
tanh 3
compatible 3
stopcpuprofile 3
withcancel 3
errno 3
metadata 3
aims 3
facility 3
newwriterdict 3
compileposix 3
withtimeout 3
compiles 3
criteria 3
secure 3
newrgba 3
credentials 3
publication 3
sections 3
extracts 3
newly 3
stoptimer 3
tagged 3
complicated 3
composite 3
newgcm 3
counts 3
streamwriter 3
errorcount 3
minint 3
wrapping 3
extends 3
importedlibraries 3
prefixed 3
prefixes 3
syscallerror 3
importedsymbols 3
newcommentmap 3
rings 3
missingkey 3
stricter 3
integral 3
newchecker 3
stride 3
expressed 3
writefile 3
mkdirall 3
scoped 3
addparsetree 3
exponents 3
cosh 3
cos 3
expm 3
corrupt 3
schematically 3
instructions 3
cond 3
escapetext 3
cache 3
scanners 3
programming 3
wrong 3
structtype 3
xmlname 3
converting 3
profiler 3
years 3
expecting 3
routing 3
producing 3
expect 3
submatches 3
module 3
sym 3
subsample 3
swaps 3
narg 3
scanlines 3
rpath 3
eval 3
surrounding 3
accesses 3
subset 3
indication 3
nano 3
ystride 3
considering 3
evalsymlinks 3
evaluate 3
evaluated 3
evaluation 3
individually 3
ever 3
contention 3
succeeds 3
injection 3
say 3
saved 3
safety 3
infinities 3
initiates 3
abandon 3
mypkg 3
containsany 3
exclusion 3
multiply 3
mutual 3
infrastructure 3
consult 3
neg 3
tan 3
readmimeheader 2
mutate 2
absence 2
mutexes 2
absent 2
accordingly 2
yielding 2
accounts 2
yellow 2
ycbcrtorgb 2
multicastaddrs 2
multibyte 2
mpeg 2
ycbcrmodel 2
xorkeystream 2
acm 2
acos 2
acosh 2
moreover 2
acquire 2
monday 2
narrower 2
moment 2
acquiring 2
adaptive 2
nbar 2
modsqrt 2
addlineinfo 2
modifiedtime 2
modifieddate 2
writers 2
writeresponse 2
writerequest 2
writemsgudp 2
negated 2
writemsgip 2
writeheapdump 2
addrs 2
models 2
modelfunc 2
writeall 2
adjacent 2
writable 2
modedir 2
adjusts 2
wrap 2
netlinkmessage 2
worst 2
netlinkrouteattr 2
advertise 2
affects 2
afterwards 2
wool 2
withvalue 2
aliases 2
newalpha 2
wishing 2
align 2
newbuffer 2
newbufferstring 2
aligned 2
alignof 2
allocedbytesperop 2
allocsperop 2
allocsperrun 2
whichever 2
amended 2
missingmethod 2
newclientwithcodec 2
amortize 2
welch 2
weight 2
weekday 2
analog 2
weak 2
analysis 2
minutes 2
minread 2
newfatfile 2
android 2
annotations 2
walkfn 2
minimal 2
announces 2
newfloat 2
wakes 2
answers 2
visited 2
newgray 2
visitall 2
apache 2
newinterface 2
visibility 2
violation 2
video 2
vice 2
appendbool 2
appendfloat 2
vertically 2
milliseconds 2
vertical 2
appendint 2
versa 2
newnrgba 2
verifying 2
appenduint 2
varint 2
newpackage 2
newpaletted 2
arbitrarily 2
varchar 2
architectures 2
newprofile 2
argv 2
millisecond 2
arise 2
vague 2
arraytype 2
arrives 2
asin 2
miller 2
assemble 2
assertions 2
newscope 2
assign 2
associations 2
newserver 2
urandom 2
upperlower 2
newsource 2
newsyscallerror 2
asts 2
atanh 2
atomically 2
augmented 2
authenticates 2
unsupportederror 2
unsplit 2
authors 2
unset 2
methodset 2
unsent 2
unsafepointer 2
newwriterleveldict 2
unrecovered 2
avoided 2
aware 2
nextafter 2
nextgc 2
backquoted 2
merging 2
unquoted 2
nflag 2
unquotechar 2
mergepackagefiles 2
unprocessed 2
backslashes 2
backtracking 2
nlist 2
nnek 2
unmarshalxmlattr 2
unmarshaltypeerror 2
mergeline 2
unmarshals 2
unmarshaled 2
baillie 2
noises 2
unlimited 2
nonce 2
unknownuseriderror 2
unknownusererror 2
unknownlineerror 2
unknowngroupiderror 2
noop 2
unknowngrouperror 2
unixnano 2
unixdate 2
behave 2
mem 2
belongs 2
uniquely 2
benchmarkxxx 2
uninterpreted 2
unimplemented 2
bigint 2
understands 2
binaryop 2
underflow 2
binomial 2
unchecked 2
unc 2
unary 2
notifies 2
unanchored 2
notnilfilter 2
uintvar 2
maxbase 2
bootstrapping 2
matchstring 2
nsec 2
typesymlink 2
typestring 2
typespec 2
typelink 2
matchfile 2
typeid 2
masks 2
typefifo 2
marshalxml 2
typedir 2
num 2
typechar 2
typebyextension 2
typeblock 2
brackets 2
marking 2
txt 2
numchildren 2
numcpu 2
numembeddeds 2
marked 2
break 2
breakpoint 2
buildable 2
numexplicitmethods 2
building 2
march 2
builds 2
truncation 2
truncating 2
builtins 2
trunc 2
byteptrfromstring 2
nvarchar 2
byteslicefromstring 2
trimspace 2
nycbcramodel 2
trimrightfunc 2
trimright 2
trimming 2
calculations 2
trimleftfunc 2
trimleft 2
objectstring 2
trimfunc 2
trim 2
observed 2
triggers 2
calldepth 2
traversed 2
capturing 2
translation 2
translating 2
carries 2
transits 2
transitive 2
transition 2
transferred 2
octal 2
caseranges 2
october 2
caught 2
caution 2
cbrt 2
traditional 2
ceil 2
celsius 2
cest 2
toupperspecial 2
cet 2
totitlespecial 2
chandir 2
mainstart 2
omits 2
magenta 2
macs 2
char 2
tonegativeinf 2
macho 2
machines 2
chartype 2
tolowerspecial 2
luminance 2
tokenreader 2
tokenize 2
lstat 2
togglebutton 2
today 2
cidr 2
openfat 2
openfile 2
lparen 2
cidrmask 2
timeval 2
timestamps 2
loud 2
operate 2
lost 2
timespec 2
claims 2
loss 2
clause 2
clear 2
operror 2
tiff 2
tickets 2
optimized 2
lookuptxt 2
clientcodec 2
lookupsrv 2
lookupport 2
opts 2
oracle 2
clientsessionstate 2
lookupns 2
lookupmx 2
clocks 2
closeread 2
lookupid 2
lookupgroupid 2
lookupgroup 2
originated 2
thought 2
lookupenv 2
lookpath 2
looked 2
theta 2
cmykmodel 2
cmyktorgb 2
coffsymbol 2
collections 2
collects 2
outputs 2
columntype 2
outstanding 2
testxxx 2
columntypes 2
combinedoutput 2
termination 2
commonly 2
communicating 2
compact 2
teardown 2
tcplistener 2
overhead 2
compareandswapint 2
compareandswapuint 2
compilers 2
complements 2
complextype 2
composition 2
compound 2
overwrites 2
compressing 2
listenunix 2
listenudp 2
owned 2
computations 2
listentcp 2
listenip 2
packageexports 2
computer 2
linking 2
computing 2
syntaxerror 2
concatenates 2
concept 2
configure 2
configures 2
switches 2
swig 2
paired 2
swapper 2
linear 2
paletted 2
conforming 2
panicf 2
suspends 2
surround 2
panicln 2
connecting 2
likely 2
paragraphs 2
connectionstate 2
parallelism 2
connector 2
sunday 2
parameterised 2
summary 2
summarizes 2
consider 2
considers 2
lexicographically 2
consistently 2
suffice 2
succeeding 2
subtraction 2
subtle 2
contextual 2
contiguous 2
continuation 2
parsecidr 2
continueonerror 2
continuous 2
subring 2
convertible 2
legacy 2
subgroup 2
coordinate 2
subbenchmark 2
leaks 2
leaking 2
coordinates 2
copybuffer 2
lazily 2
structof 2
launches 2
structfield 2
copytoken 2
core 2
lastindexfunc 2
lastindexbyte 2
correction 2
stringvar 2
lastindex 2
languages 2
streaming 2
createformfield 2
stoptrace 2
stderrpipe 2
labelset 2
customized 2
stay 2
cyan 2
damage 2
dangerous 2
stats 2
keywords 2
databasetypename 2
dataerrreader 2
daylight 2
dbstats 2
stat 2
starttimer 2
debugpath 2
past 2
joins 2
jacobi 2
patherror 2
dec 2
decimalsize 2
decl 2
standalone 2
iteratively 2
stages 2
stacks 2
paused 2
iterate 2
decodedlen 2
iszero 2
decodeelement 2
decompose 2
sqrt 2
isupper 2
sprint 2
spread 2
spots 2
splitlist 2
speed 2
specifying 2
istitle 2
decrypting 2
istimeout 2
issymbol 2
specifiers 2
defaultdebugpath 2
defaultmask 2
defaultrpcpath 2
performing 2
ispunct 2
isprefix 2
specialcase 2
defer 2
defs 2
spacing 2
deleted 2
delimiters 2
deltas 2
isoneof 2
isolationlevel 2
iso 2
demonstrating 2
isnan 2
denom 2
phase 2
denote 2
solaris 2
soften 2
ismark 2
soft 2
islower 2
dereferencing 2
descending 2
descriptive 2
slicestable 2
sliceptrfromstrings 2
pipereader 2
pipes 2
pipewriter 2
sleep 2
dialhttppath 2
dialing 2
skipping 2
isint 2
dials 2
skipchildren 2
pkgname 2
skewing 2
isexported 2
sizeof 2
dialwithdialer 2
places 2
digital 2
isdigit 2
plainauth 2
iscontrol 2
sites 2
direct 2
sincos 2
platforms 2
simultaneous 2
disallows 2
disallowunknownfields 2
simplifies 2
simplified 2
plugins 2
sigusr 2
sigttou 2
sigttin 2
ipmask 2
sigtstp 2
sigterm 2
sigsys 2
sigsegv 2
sigquit 2
significantly 2
significant 2
distributed 2
sigjvm 2
invalidunmarshalerror 2
documents 2
sigfpe 2
sigbus 2
sigabrt 2
doubly 2
porter 2
download 2
dragonfly 2
intvar 2
drained 2
positioned 2
drawmask 2
drawn 2
drive 2
shortest 2
dropping 2
introduce 2
intricate 2
drops 2
duff 2
intervals 2
dumped 2
potentially 2
sharing 2
power 2
powerpc 2
ppc 2
durations 2
durationvar 2
dynamicsymbols 2
interpret 2
earliest 2
east 2
setprefix 2
precedes 2
preceding 2
precise 2
edge 2
precompute 2
precomputed 2
precondition 2
setmaxopenconns 2
effective 2
efficiently 2
predicates 2
interfacebyname 2
setindent 2
setgcpercent 2
setfrac 2
setflags 2
elapse 2
interchangeably 2
eliding 2
setconnmaxlifetime 2
setboundary 2
setbool 2
setbits 2
instrune 2
sessionkey 2
enclosed 2
preparing 2
servererror 2
encodedlen 2
instantiate 2
inst 2
servercodec 2
encoderbuffer 2
encodetomemory 2
preserve 2
encodevalue 2
encryptoaep 2
endrequest 2
endresponse 2
serialize 2
english 2
ensures 2
enumerated 2
prev 2
epipe 2
preventing 2
equalfold 2
sentence 2
ins 2
erfc 2
sendmail 2
errbufferfull 2
primes 2
selectionstring 2
innermost 2
errfinaltoken 2
inlined 2
aarch 2
errhelp 2
seekstart 2
errinvalidmediaparameter 2
errlength 2
seekend 2
seekcurrent 2
inheritable 2
errmessagetoolarge 2
seeing 2
secures 2
errnorows 2
sectionreader 2
secret 2
erroneous 2
searchstrings 2
searchints 2
errorhandling 2
inefficient 2
searchfloat 2
probably 2
indirects 2
errshortbuffer 2
indirection 2
indicator 2
procattr 2
scratch 2
procedures 2
errshutdown 2
proceeds 2
indexrune 2
errsyntax 2
indexfunc 2
errunknownpc 2
processor 2
processors 2
processstate 2
indexbyte 2
indexany 2
scanwords 2
errwritetoolong 2
scanstate 2
production 2
incrementally 2
escapestring 2
increase 2
incorrectly 2
eui 2
evaluating 2
evaluations 2
eventually 2
programmable 2
scale 2
incl 2
savings 2
progress 2
exampleheading 2
sanity 2
sampling 2
samples 2
propagation 2
samefile 2
inappropriate 2
exceptions 2
excerpt 2
excludes 2
protect 2
runeerror 2
proto 2
exiting 2
rsc 2
rpcpath 2
expands 2
importmode 2
expectcode 2
expensive 2
route 2
roundtoeven 2
implication 2
immutable 2
immediate 2
roundingmode 2
explanation 2
expr 2
pseudorandom 2
rnek 2
expvar 2
pssoptions 2
extend 2
psw 2
ptr 2
extending 2
extensionsbytype 2
pub 2
illegal 2
rgbtoycbcr 2
ignoring 2
rgbtocmyk 2
rfcs 2
punct 2
extracting 2
fabricated 2
purely 2
idiomatic 2
idiom 2
failures 2
retrieved 2
far 2
identification 2
resumption 2
resumes 2
fatalln 2
restrictions 2
feature 2
idea 2
putuvarint 2
putvarint 2
restored 2
restore 2
fetches 2
few 2
fieldfilter 2
hypothetical 2
fieldlist 2
resolveudpaddr 2
quality 2
resolvetcpaddr 2
fileconn 2
fileexports 2
resolveipaddr 2
filemode 2
filepacketconn 2
resettimer 2
filled 2
fills 2
reserved 2
filterdecl 2
quick 2
filterfile 2
filterpackage 2
quit 2
requesturi 2
findallindex 2
hours 2
findallstring 2
hot 2
findprocess 2
findreadersubmatchindex 2
findstring 2
findstringindex 2
quoterunetographic 2
findstringsubmatchindex 2
reportallocs 2
quotetographic 2
findsubmatch 2
fires 2
replycall 2
rabin 2
firing 2
fix 2
replacer 2
fixedzone 2
repeatedly 2
repeat 2
floattype 2
flow 2
remotely 2
hhmm 2
hexdump 2
randomized 2
randomizes 2
remains 2
footer 2
helps 2
forced 2
reloc 2
forever 2
held 2
relationship 2
hdr 2
hassuffix 2
formatmediatype 2
hashfunc 2
rational 2
formerly 2
formula 2
handshakes 2
four 2
halfway 2
registerdecompressor 2
registercompressor 2
rawtoken 2
gzipped 2
regions 2
framing 2
regard 2
refers 2
freebytes 2
reached 2
grows 2
frequently 2
freshly 2
frombits 2
ref 2
grouping 2
fullname 2
funcdecl 2
functype 2
fundamental 2
gri 2
readcodeline 2
readcontinuedline 2
galois 2
rectangles 2
gcm 2
recovered 2
reconstruct 2
generateparameters 2
getaddrinfo 2
receiving 2
getter 2
readfile 2
readform 2
gowhitespace 2
readfromip 2
getwd 2
ghash 2
readresponseheader 2
globbing 2
readrequestheader 2
readmsgudp 2
readmemstats 2
errformat 1
readmessage 1
gosym 1
gosymtab 1
readmsgunix 1
gostmt 1
gosched 1
goto 1
goes 1
gotokens 1
gotraceback 1
glibc 1
gid 1
readfromunix 1
readfromudp 1
getuid 1
getting 1
readuvarint 1
readvarint 1
readwritecloser 1
getters 1
readwriteseeker 1
gradually 1
getrandom 1
really 1
getppid 1
getpid 1
getpagesize 1
reassembles 1
getnameinfo 1
getgroups 1
getgid 1
geteuid 1
receivername 1
getenv 1
getentropy 1
readerror 1
getegid 1
graphicranges 1
reclaimed 1
recognition 1
geographical 1
generators 1
graphs 1
generalized 1
recomputing 1
reconnect 1
great 1
generality 1
gendecl 1
recordheadererror 1
gen 1
gctrace 1
gcstats 1
readdotlines 1
readdotbytes 1
gccgo 1
greatest 1
rectangular 1
recurring 1
recurs 1
recurse 1
gathers 1
gated 1
gregorian 1
gaddr 1
recvdir 1
grid 1
grouped 1
funclit 1
funcforpc 1
groupid 1
redirections 1
groupids 1
reduce 1
fromslash 1
readable 1
readability 1
grown 1
reaching 1
freeosmemory 1
referencing 1
referential 1
freeobjects 1
growth 1
freebsd 1
guess 1
freddie 1
reflected 1
fran 1
reformats 1
reformatted 1
refreshed 1
guesses 1
guide 1
fragile 1
raymond 1
fprintln 1
rawquery 1
registercover 1
halfreader 1
fprintf 1
registerformat 1
registerhash 1
halves 1
forwards 1
forwarded 1
forstmt 1
hardwareaddr 1
formname 1
registry 1
regs 1
regsamd 1
ratstring 1
reilly 1
reinitialize 1
reinstalls 1
reinterpret 1
reinterpreting 1
formdatacontenttype 1
formatters 1
hasok 1
relation 1
relations 1
heading 1
formal 1
relativeto 1
relaxation 1
relay 1
relayed 1
relaying 1
forlabels 1
forkexec 1
fork 1
forge 1
relevant 1
rangetable 1
relied 1
relies 1
relieving 1
rangestmt 1
foreleavingpage 1
forces 1
relying 1
helo 1
randomness 1
fool 1
randomly 1
remap 1
fonts 1
foldscript 1
ran 1
foldcategory 1
focuses 1
floydsteinberg 1
removemultiples 1
floyd 1
raising 1
rename 1
rendered 1
raises 1
rendezvous 1
floatstring 1
renegotiationsupport 1
reobtain 1
raised 1
flaws 1
raise 1
repeats 1
repetitions 1
flawed 1
flattened 1
replaceallfunc 1
replaceallliteral 1
replaceallliteralstring 1
replaceallstringfunc 1
flagval 1
flagname 1
replacementchar 1
hidden 1
hide 1
hierarchical 1
five 1
fits 1
race 1
highest 1
quoting 1
holders 1
hole 1
honor 1
honored 1
hopes 1
repositions 1
quotedprintable 1
findreaderindex 1
hostport 1
findindex 1
findallsubmatchindex 1
findallsubmatch 1
findallstringsubmatchind 1
findallstringsubmatch 1
findallstringindex 1
quotation 1
htmlattr 1
quite 1
findall 1
filters 1
requirement 1
quiescent 1
quickly 1
requiring 1
question 1
queryunescape 1
htmlautoclose 1
querying 1
fill 1
queryescape 1
resetting 1
resistant 1
resliced 1
htmlentity 1
resolv 1
huffman 1
fileline 1
hung 1
fileinfos 1
queried 1
quantizer 1
qualtype 1
qualifies 1
resolveunixaddr 1
fieldvalue 1
fieldname 1
hypot 1
icmp 1
fieldbynamefunc 1
fieldbyname 1
respectively 1
respects 1
fieldbyindex 1
fieldalign 1
fibonacci 1
fffffffffffffp 1
quadrant 1
qencoding 1
february 1
python 1
pwned 1
restores 1
restoring 1
restrict 1
ideally 1
identicalignoretags 1
restricts 1
favors 1
resultant 1
fatarchheader 1
fatarch 1
pushfrontlist 1
pushfront 1
resuming 1
pushes 1
fat 1
pushbacklist 1
retains 1
families 1
pushback 1
fallthrough 1
fall 1
identities 1
failing 1
facts 1
returnstmt 1
factory 1
fact 1
reuserecord 1
reuses 1
facilitate 1
reversal 1
face 1
idioms 1
extreme 1
rewrites 1
ifi 1
ifstmt 1
extracted 1
extent 1
publish 1
ilk 1
rib 1
ric 1
ptrtype 1
rijndael 1
ptrto 1
pssopts 1
illegalprefixes 1
exprstring 1
rlocker 1
pseudorandomly 1
robust 1
robustness 1
exprstmt 1
illustrates 1
exposes 1
exposed 1
exponential 1
exponentation 1
exploited 1
explicitmethod 1
explanatory 1
illustration 1
expiring 1
ilogb 1
rounds 1
implications 1
expire 1
expiration 1
importerfrom 1
routed 1
proven 1
expense 1
importers 1
expansions 1
expandstring 1
importpath 1
rpathcmd 1
abbreviated 1
importspec 1
rpcs 1
expandenv 1
imposes 1
rset 1
rsh 1
expanded 1
exitonerror 1
improve 1
exiterror 1
protected 1
existence 1
exhausted 1
exercise 1
exempted 1
execve 1
proportional 1
excluded 1
exchanged 1
improved 1
rwxrwxrwx 1
sacrificing 1
improves 1
exceeded 1
examplesortkeys 1
examplescope 1
proper 1
examplemultikeys 1
propagated 1
propagate 1
examplemethodset 1
sanitizer 1
exampleinfo 1
proof 1
saresorted 1
prohibits 1
exampleexp 1
examining 1
examine 1
ewindows 1
evolves 1
saving 1
incdecstmt 1
everything 1
says 1
scalable 1
programmer 1
incompatible 1
scales 1
progheader 1
scanbytes 1
inconsistency 1
scanidents 1
europe 1
euler 1
inconsistent 1
estimate 1
established 1
especially 1
scanpc 1
scanrunes 1
increment 1
incremented 1
scanstrings 1
independently 1
indexable 1
scenario 1
scheduled 1
scheduler 1
errverification 1
indexexpr 1
errtimeout 1
scientists 1
indexing 1
proceed 1
errshortwrite 1
procedure 1
indirectly 1
scripts 1
seafood 1
errrange 1
searched 1
errpermission 1
probability 1
inet 1
privacy 1
infiniband 1
errorhandler 1
priorityqueue 1
errnotfound 1
informed 1
errnotfat 1
sectionbytype 1
errnotexist 1
priori 1
errnosymbols 1
infrequently 1
secured 1
printstack 1
errnoprogress 1
errnodeadline 1
errmessagetoolong 1
seeded 1
inherently 1
printranges 1
initializer 1
printfline 1
initializers 1
errinvalidpublickey 1
printerror 1
seeks 1
initializing 1
initiating 1
injecting 1
segmentheader 1
segments 1
inlining 1
selectcase 1
selectdefault 1
selectdir 1
errfieldcount 1
errexist 1
selectionkind 1
inode 1
errdictionary 1
selectorexpr 1
selectrecv 1
errdecryption 1
selectsend 1
selectstmt 1
errchecksum 1
semantic 1
semantically 1
inputoffset 1
eric 1
semicolons 1
erfinv 1
sender 1
erfcinv 1
primary 1
primarily 1
sendstmt 1
erf 1
sensible 1
ere 1
sensitively 1
equivalently 1
insecureskipverify 1
insensitively 1
insertafter 1
environ 1
enumvalue 1
enumtype 1
enumerates 1
pretty 1
enumerate 1
enters 1
presubmit 1
enhanced 1
pressure 1
endsequence 1
press 1
insertbefore 1
serializes 1
preserving 1
serious 1
endings 1
encryptpkcs 1
inserting 1
encounter 1
insertion 1
encodetostring 1
preservation 1
encoderbufferpool 1
insignificant 1
insist 1
instemptywidth 1
prescribed 1
serverinfo 1
servername 1
encodeall 1
instop 1
encapsulation 1
emptystmt 1
emptyopcontext 1
emptyop 1
emptyfinaltoken 1
sessionid 1
instructs 1
sessions 1
emit 1
elsewhere 1
integertype 1
setblockprofilerate 1
interact 1
interactive 1
ellipsis 1
setcap 1
eliminates 1
setcomment 1
setcomplex 1
preindent 1
preformatted 1
elides 1
elementwise 1
setenv 1
elapses 1
interdependent 1
interested 1
ehlo 1
preferring 1
interfaceaddrs 1
setgoroutinelabels 1
setimports 1
interfacebyindex 1
setinf 1
egrep 1
setkeepalive 1
setkeepaliveperiod 1
interfacedata 1
setlen 1
setlinesforcontent 1
setlinger 1
setmantexp 1
effectively 1
interfacetype 1
predates 1
educated 1
edition 1
edit 1
setmodtime 1
setmutexprofilefraction 1
setname 1
setnodelay 1
setoffset 1
edilir 1
interferes 1
setparallelism 1
setpointer 1
intermediate 1
setrat 1
echoed 1
ecb 1
easy 1
setsessionticketkeys 1
internalerror 1
settable 1
setter 1
setters 1
interoperability 1
eafnosupport 1
dysymtabcmd 1
dysymtab 1
setunderlying 1
setunlinkonclose 1
dynstring 1
setuperror 1
intersect 1
dyn 1
dylibcmd 1
severity 1
dylib 1
dying 1
practice 1
intersection 1
duplicates 1
interspersed 1
dumper 1
shells 1
interval 1
shifts 1
shl 1
posted 1
intheap 1
possibility 1
introduced 1
introduces 1
draws 1
intsaresorted 1
intsize 1
dramatic 1
shr 1
shrinks 1
draining 1
inttype 1
drain 1
portions 1
downside 1
inusebytes 1
inuseobjects 1
inusezero 1
sigalrm 1
inv 1
dotted 1
dots 1
sigcont 1
sigemt 1
invalidated 1
sigfreeze 1
dotdotdottype 1
invalidbyteerror 1
siginfo 1
documenting 1
sigio 1
popular 1
sigkill 1
siglost 1
siglwp 1
docreader 1
dnsquery 1
dnsconfigerror 1
dkim 1
divergences 1
distribution 1
distributes 1
invalidutf 1
distribute 1
inverted 1
involve 1
signify 1
distinguished 1
distinction 1
disposal 1
displaying 1
sigpwr 1
involved 1
involving 1
display 1
disjoint 1
sigstop 1
iota 1
iotest 1
sigthaw 1
sigthr 1
discussed 1
ioutil 1
ipnet 1
isalias 1
sigurg 1
isboolflag 1
sigvtalrm 1
sigwaiting 1
sigwinch 1
sigxcpu 1
sigxfsz 1
sigxres 1
silence 1
discrimination 1
discover 1
discloses 1
discarding 1
discardemptycolumns 1
disassociated 1
simplest 1
disambiguation 1
isbuiltin 1
pleases 1
simplify 1
simplifying 1
please 1
playground 1
simulating 1
play 1
disabling 1
dirname 1
directed 1
platform 1
iscommand 1
diner 1
singleton 1
dim 1
site 1
plaintexts 1
placing 1
situations 1
diffusion 1
isdir 1
isexist 1
dialunix 1
sizesfor 1
sizing 1
pkgnames 1
dialudp 1
isfield 1
skipcomments 1
dialtimeout 1
dialtcp 1
isglobalunicast 1
dialip 1
isinterface 1
isinterfacelocalmulticas 1
iskeyword 1
dialers 1
pitfalls 1
dialcontext 1
sliceexpr 1
devnull 1
sliceissorted 1
islinklocalmulticast 1
designs 1
islinklocalunicast 1
design 1
deserialize 1
slow 1
slower 1
isliteral 1
islocalimport 1
descend 1
smallestnonzero 1
isloopback 1
dereferenced 1
dependency 1
socketcontrolmessage 1
dependencies 1
piece 1
physical 1
denoting 1
phone 1
sole 1
solutions 1
solving 1
phases 1
denormal 1
ismulticast 1
sooner 1
denied 1
denial 1
sortimports 1
isnotexist 1
isoperator 1
sound 1
deliver 1
makestring 1
isoweek 1
delete 1
ispathseparator 1
delayed 1
spanning 1
sparc 1
ispermission 1
defpredeclaredtestfuncs 1
deferstmt 1
periodic 1
defeats 1
ispredeclared 1
defeat 1
specially 1
isregular 1
defaultresolver 1
defaultquality 1
issorted 1
issue 1
perfectly 1
deeper 1
pentium 1
istype 1
specs 1
peer 1
spellcheck 1
spent 1
decrypteropts 1
decrements 1
decrement 1
decorating 1
isuint 1
decompressors 1
decompressing 1
pdf 1
isunspecified 1
pctofunc 1
sprintf 1
sprintln 1
decompresses 1
isvalue 1
decompressed 1
decompress 1
srcdir 1
srcdirs 1
pax 1
decodingerror 1
decodeheader 1
isvoid 1
italicized 1
decodeall 1
stackrecord 1
iterates 1
iterating 1
stamp 1
stampmicro 1
declstmt 1
pathunescape 1
iterator 1
standardize 1
standardized 1
decisions 1
stands 1
stapled 1
pathologies 1
deciding 1
december 1
pathescape 1
judging 1
deallocated 1
startrequest 1
deal 1
deadlock 1
june 1
deadlineexceeded 1
dddp 1
ddddddp 1
kabul 1
ddddd 1
dddd 1
ddd 1
keyed 1
days 1
keyvalue 1
dataoffset 1
party 1
keyvalueexpr 1
kitchen 1
daniel 1
knowing 1
knows 1
daan 1
labeled 1
cut 1
parseunixrights 1
labeledstmt 1
parsesocketcontrolmessag 1
curves 1
stdinpipe 1
curveparams 1
cumulative 1
stdsizes 1
steinberg 1
cube 1
ctxt 1
cstride 1
cryptosystem 1
cryptology 1
cryptgenrandom 1
crtvalue 1
crlf 1
critical 1
credential 1
laid 1
createformfile 1
parsers 1
crc 1
crashing 1
crammd 1
cram 1
crafted 1
covermode 1
coverblock 1
parserequesturi 1
streamreader 1
couple 1
counting 1
strict 1
couldn 1
cotangent 1
cot 1
cost 1
stringbyteptr 1
stringcharacters 1
stringer 1
corruption 1
corruptinputerror 1
stringsaresorted 1
stringsliceptr 1
stringtable 1
stringval 1
parsenetlinkrouteattr 1
corresponded 1
stripescape 1
parsenetlinkmessage 1
parsemac 1
strong 1
lasts 1
latin 1
layer 1
copysign 1
structtag 1
copyn 1
leads 1
structured 1
coordination 1
structvalue 1
leak 1
coordinated 1
parseexprfrom 1
subbenchmarks 1
subcommands 1
parseexpr 1
subexpression 1
convertibleto 1
leap 1
parsedirent 1
converse 1
subjectalternatename 1
convergents 1
controlling 1
subprocesses 1
parsedir 1
parsedate 1
leijen 1
continuations 1
lempel 1
parseaddresslist 1
lets 1
contended 1
consuming 1
constspec 1
consts 1
constructs 1
parents 1
parenthetical 1
subtracts 1
constructors 1
constructor 1
constitutes 1
succeeded 1
lexically 1
constituents 1
constanttimeselect 1
constanttimeeq 1
constanttimecopy 1
constanttimecompare 1
constanttimebyteeq 1
parenthesis 1
suffices 1
parentheses 1
parenexpr 1
suffixarray 1
considerable 1
suite 1
lgamma 1
parametersizes 1
consequently 1
lhs 1
lifetime 1
supplied 1
supply 1
param 1
lifted 1
supporting 1
likewise 1
conjugate 1
conj 1
surrogate 1
surrogates 1
limitation 1
confusion 1
suspend 1
panicked 1
limitedreader 1
swapped 1
linecontinuations 1
conform 1
swapt 1
sweeping 1
linecount 1
conflicting 1
lineentries 1
switchstmt 1
conflict 1
linefile 1
padded 1
configurable 1
confidentiality 1
symbyaddr 1
conf 1
symmetry 1
symname 1
symtab 1
symtabcmd 1
concurrency 1
synchronise 1
concluding 1
synchronized 1
concert 1
concern 1
synopsis 1
packets 1
linereaderpos 1
linkerror 1
sys 1
packaging 1
packagename 1
owner 1
comprises 1
compressors 1
listenunixgram 1
systemtime 1
listseparator 1
tabbed 1
literalprefix 1
compositing 1
composites 1
compositelit 1
complicates 1
tagcompileunit 1
littleendian 1
tagpatherror 1
completely 1
tail 1
llongfile 1
complemented 1
complementary 1
compiling 1
overlaps 1
competing 1
comparisons 1
tape 1
compareandswapuintptr 1
loadbytes 1
targeting 1
compareandswapt 1
compareandswappointer 1
task 1
loadcmd 1
tcpaddr 1
tcpconn 1
overflowuint 1
tdea 1
tear 1
overflows 1
technically 1
company 1
tee 1
teereader 1
overflowint 1
tells 1
overflowfloat 1
communicate 1
commonname 1
templating 1
temporarily 1
overflowcomplex 1
tentative 1
commentgroup 1
terminate 1
commentednode 1
commclause 1
commas 1
loadlocationfromtzdata 1
terminator 1
commandcontext 1
combining 1
tested 1
testfoobar 1
overcome 1
combined 1
loadorstore 1
loadx 1
localtime 1
colormodel 1
located 1
textmarshalers 1
collectively 1
locations 1
collect 1
collapsed 1
outermost 1
coffset 1
coercion 1
coerces 1
coerced 1
coefficient 1
theorem 1
theory 1
coeff 1
logarithmic 1
logb 1
logflag 1
cmsgspace 1
thin 1
cmsglen 1
cmsghdr 1
cmpabs 1
cmdline 1
though 1
lookupfunc 1
cmap 1
threadcreate 1
closure 1
lookupipaddr 1
ordinal 1
lookupparent 1
clienthelloinfo 1
clienthello 1
lookupsym 1
clientauthtype 1
clearer 1
opposite 1
ticking 1
clearenv 1
tidier 1
ties 1
opposed 1
cleared 1
loopback 1
lose 1
classunknown 1
classification 1
timeoutreader 1
clarify 1
timers 1
lossily 1
losslessly 1
timespectonsec 1
timestamp 1
lowest 1
lowestprecedence 1
timevaltonsec 1
circumstances 1
openreader 1
lru 1
titlecase 1
chunks 1
chunk 1
tlsconnectionstate 1
chtimes 1
chinese 1
checkthatformnoteditedbe 1
tocomplex 1
lsh 1
checksums 1
tofloat 1
together 1
toggle 1
lshortfile 1
tohtml 1
toint 1
checkerror 1
checkequalerror 1
opcode 1
tokenized 1
tokenizer 1
ltr 1
checkequal 1
tokenstring 1
tokentext 1
tolerant 1
cheap 1
onto 1
mac 1
onebytereader 1
charsetreader 1
macos 1
toolchain 1
toolchains 1
tooldir 1
chantype 1
omit 1
toplas 1
toslash 1
chance 1
totext 1
challenge 1
maintained 1
okay 1
maintaining 1
makebool 1
certificaterequestinfo 1
certificaterequest 1
offsetof 1
tracer 1
cell 1
makechan 1
tracking 1
offs 1
makefloat 1
cbc 1
caveats 1
makefrombytes 1
causing 1
makefromliteral 1
trampoline 1
categorization 1
transactions 1
catch 1
octet 1
ocspresponse 1
transformation 1
ocsp 1
transitions 1
makeint 1
occurrences 1
caseclause 1
makemap 1
translates 1
makemapwithsize 1
makeslice 1
translations 1
transmissible 1
carried 1
occupies 1
captured 1
capnames 1
capital 1
transmitting 1
capabilities 1
transparently 1
canon 1
transporting 1
caninterface 1
trap 1
traversal 1
makeuint 1
cancelfuncs 1
canbackquote 1
came 1
callexpr 1
makeunknown 1
callback 1
tried 1
calendrical 1
trigger 1
calendar 1
malloc 1
objs 1
trimbytes 1
objkind 1
mandatory 1
objectof 1
manifests 1
manipulates 1
calculating 1
oaepoptions 1
mantissae 1
bytewriter 1
mapindex 1
trimstring 1
nyan 1
bytesize 1
numsubexp 1
buttons 1
mapkeys 1
bundles 1
nummethod 1
truncates 1
truncatewriter 1
numgoroutine 1
mapof 1
maptype 1
buildnametocertificate 1
try 1
numfield 1
tryrecv 1
trysend 1
numerror 1
turkish 1
bugs 1
turned 1
turning 1
brute 1
browser 1
numerous 1
markcomplete 1
numcgocall 1
branchstmt 1
numberofauxsymbols 1
typeandvalue 1
typeassertexpr 1
typeassertionerror 1
numbering 1
numbered 1
marmots 1
bracketing 1
typedeftype 1
marshalerattr 1
masking 1
typeflag 1
matchemptywidth 1
matchrune 1
bracket 1
typenames 1
braces 1
braced 1
ntype 1
nsectotimeval 1
typeswitchstmt 1
nsectotimespec 1
box 1
boute 1
uchartype 1
bottom 1
borsa 1
matter 1
boolval 1
booltype 1
bools 1
uinttype 1
maxcap 1
umask 1
unacknowledged 1
maxexp 1
maximal 1
booleans 1
unbiased 1
unblock 1
book 1
unblocking 1
unblocks 1
bom 1
maxpc 1
blockstmt 1
unchanging 1
maxscantokensize 1
unclear 1
blockprofilerecord 1
uncomparable 1
uncompress 1
bleichenbacher 1
undeclared 1
maxvarintlenn 1
bindtodevice 1
meanings 1
underflows 1
binds 1
measure 1
binaryexpr 1
understanding 1
measurement 1
understood 1
binaries 1
unequal 1
unescape 1
bijection 1
unescapestring 1
unescaping 1
notational 1
unexpectedly 1
biggest 1
unflushed 1
unformatted 1
bigendian 1
bidirectional 1
best 1
measuring 1
unindented 1
bencoding 1
notable 1
benchmem 1
mechanisms 1
mediatype 1
benchmarkhello 1
united 1
normalizes 1
behaviors 1
memallocs 1
behalf 1
beforehand 1
unixconn 1
unixcredentials 1
members 1
became 1
unixlistener 1
membytes 1
bcc 1
unixrights 1
baz 1
unknownfileerror 1
nopcloser 1
nonzero 1
nonexistent 1
unknownpatherror 1
memprofilerecord 1
nonces 1
batch 1
basictype 1
unlikely 1
memstring 1
unlink 1
basiclit 1
basickind 1
unlocking 1
basicinfo 1
basename 1
barrier 1
nogoerror 1
merge 1
badstmt 1
unmarshalerattr 1
unmarshalerror 1
unmarshalers 1
unmarshalfielderror 1
badexpr 1
baddecl 1
merged 1
bad 1
mergemode 1
backward 1
nntp 1
nines 1
unnamed 1
unnecessary 1
unordered 1
unpacks 1
nine 1
niladic 1
unqualified 1
backslash 1
nicer 1
merges 1
unquoteusage 1
nextpart 1
axes 1
awoken 1
metacharacters 1
newycbcr 1
automatic 1
unrecoverably 1
newwritersize 1
automates 1
automated 1
automata 1
methodbyname 1
unsatisfied 1
methodology 1
newwritelogger 1
unsetenv 1
unsets 1
autoescaping 1
newvar 1
unspecifiedtype 1
newtypename 1
unsuccessful 1
unsupported 1
newtuple 1
authenticity 1
unsure 1
untagged 1
authenticating 1
newtripledescipher 1
authenticated 1
newtokendecoder 1
attrfield 1
unusual 1
unwires 1
unwritable 1
attrescaper 1
attack 1
attachments 1
methodval 1
micro 1
updating 1
async 1
asymmetric 1
newtable 1
astride 1
newslice 1
upward 1
newsignature 1
assumptions 1
uris 1
microsoft 1
associating 1
urlescaper 1
associate 1
assist 1
usa 1
assignstmt 1
assigns 1
assignableto 1
usecrlf 1
newsectionreader 1
newscanner 1
asserted 1
assertableto 1
userid 1
assert 1
assembly 1
userpassword 1
middle 1
usertime 1
asked 1
ask 1
ustar 1
newreplacer 1
artifact 1
newreadwriter 1
newreadlogger 1
arrayof 1
utime 1
utimes 1
uvarint 1
newreadersize 1
arranging 1
arranged 1
armv 1
validity 1
milli 1
newrat 1
valueerror 1
area 1
arctangent 1
arcsine 1
valuespec 1
newpointer 1
newpkgname 1
archchar 1
arccosine 1
arc 1
arbitrarytype 1
newparam 1
variates 1
approach 1
varies 1
newofb 1
varints 1
newobj 1
appendslice 1
varspec 1
vary 1
appendquotetographic 1
vendor 1
appendquotetoascii 1
appendquoterunetographic 1
verbose 1
appendquoterunetoascii 1
verified 1
appendquoterune 1
appendquote 1
verifyhostname 1
newnycbcra 1
verifypkcs 1
verifypss 1
newnamed 1
newmethodset 1
appendformat 1
newmap 1
newlruclientsessioncache 1
newlogger 1
newlistener 1
appeared 1
newlinetable 1
vicinity 1
mimeheader 1
appearance 1
mimics 1
newlabel 1
newint 1
aoffset 1
newident 1
newgcmwithnoncesize 1
visiting 1
anyway 1
anycast 1
visualization 1
visualized 1
void 1
voidtype 1
volatile 1
volume 1
volumename 1
minexp 1
waited 1
ansi 1
anotherslice 1
announcing 1
waitstatus 1
newfunc 1
newflagset 1
walked 1
newfileset 1
walkfunc 1
walkfuncs 1
walking 1
minimizes 1
annotated 1
want 1
wants 1
warm 1
warning 1
warns 1
angle 1
newfield 1
ancillary 1
mipsle 1
newctr 1
analogs 1
newconst 1
anais 1
newconn 1
newcond 1
misinterpreting 1
ana 1
ampersands 1
ampersand 1
amortizing 1
newcmyk 1
mistake 1
ambiguous 1
ambiguities 1
alternatives 1
alternating 1
misuse 1
alphanumeric 1
whimsical 1
almost 1
newchan 1
newcfbencrypter 1
allocobjects 1
newcfbdecrypter 1
wide 1
widest 1
aligns 1
widths 1
wildcards 1
newcbcencrypter 1
newcbcdecrypter 1
newat 1
wires 1
wiretype 1
wisely 1
wish 1
aliasing 1
newarray 1
mix 1
alert 1
akin 1
aka 1
aizonai 1
withlabels 1
agrees 1
agree 1
mixed 1
won 1
mixture 1
networking 1
worddecoder 1
wordencoder 1
mmx 1
affecting 1
worker 1
aead 1
advisable 1
netlinkrouterequest 1
worse 1
netlinkrib 1
adversary 1
modeappend 1
advantages 1
advantage 1
netgo 1
adjustments 1
adjustment 1
netcgo 1
netbsd 1
modeexclusive 1
addt 1
addrtype 1
modes 1
writeerror 1
writeexpr 1
writefield 1
addresssize 1
addressparser 1
modesetgid 1
writeheapprofile 1
negation 1
modesetuid 1
writemsgunix 1
addresslist 1
addmethod 1
writerat 1
modesticky 1
modetemporary 1
modf 1
modifies 1
addline 1
addextensiontype 1
writeseeker 1
writesignature 1
naturally 1
activity 1
writetoip 1
writetoudp 1
writetounix 1
writetype 1
writev 1
actively 1
modular 1
months 1
moveafter 1
xbd 1
xbf 1
xef 1
movebefore 1
xffffffff 1
movetoback 1
acknowledged 1
nametocertificate 1
xxx 1
yap 1
achieved 1
movetofront 1
ycbcrsubsampleratio 1
nagle 1
achieve 1
accumulators 1
multiline 1
accumulate 1
multiplepackageerror 1
multiples 1
multireader 1
yoffset 1
york 1
accomplished 1
accommodate 1
acceptunix 1
accepttcp 1
yyyy 1
acc 1
abutting 1
zgotmplz 1
multiwriter 1
mustcompile 1
ziv 1
aborting 1
mustcompileposix 1
zones 0
